{"ts":1706980620175,"action":"FILE_OPENED","file":"/README.md","tags":{"FILE_LINE_OF_CODE":"1"}}
{"ts":1706980620799,"action":"PROJECT_OPENED","tags":{"PROJECT_NAME":"Python-Web---HW5"}}
{"ts":1706980641605,"action":"IDE_DEACTIVATED"}
{"ts":1706980647526,"action":"IDE_ACTIVATED"}
{"ts":1706980766719,"action":"FILE_CLOSED","file":"/README.md","tags":{"FILE_LINE_OF_CODE":"1"}}
{"ts":1706980766719,"action":"FILE_OPENED","file":"/main.py","tags":{"FILE_LINE_OF_CODE":"0"}}
{"ts":1706980789943,"action":"IDE_DEACTIVATED"}
{"ts":1706980810095,"action":"IDE_ACTIVATED"}
{"ts":1706980834823,"action":"FILE_CLOSED","file":"/main.py","tags":{"FILE_LINE_OF_CODE":"0"}}
{"ts":1706980834823,"action":"FILE_OPENED","file":"/.gitignore","tags":{"FILE_LINE_OF_CODE":"0"}}
{"ts":1706980859906,"action":"IDE_DEACTIVATED"}
{"ts":1706980922124,"action":"IDE_ACTIVATED"}
{"ts":1706980924108,"action":"FILE_CLOSED","file":"/.gitignore","tags":{"FILE_LINE_OF_CODE":"0"}}
{"ts":1706980924109,"action":"FILE_OPENED","file":"/main.py","tags":{"FILE_LINE_OF_CODE":"0"}}
{"ts":1706980931524,"action":"FILE_CLOSED","file":"/main.py","tags":{"FILE_LINE_OF_CODE":"0"}}
{"ts":1706980931524,"action":"FILE_OPENED","file":"/.gitignore","tags":{"FILE_LINE_OF_CODE":"0"}}
{"ts":1706980932444,"action":"FILE_CLOSED","file":"/.gitignore","tags":{"FILE_LINE_OF_CODE":"0"}}
{"ts":1706980932444,"action":"FILE_OPENED","file":"/main.py","tags":{"FILE_LINE_OF_CODE":"0"}}
{"ts":1706980938915,"action":"IDE_DEACTIVATED"}
{"ts":1706981013411,"action":"IDE_ACTIVATED"}
{"ts":1706981016663,"action":"FILE_CLOSED","file":"/main.py","tags":{"FILE_LINE_OF_CODE":"0"}}
{"ts":1706981016663,"action":"FILE_OPENED","file":"/README.md","tags":{"FILE_LINE_OF_CODE":"1"}}
{"ts":1706981017168,"action":"FILE_CLOSED","file":"/README.md","tags":{"FILE_LINE_OF_CODE":"1"}}
{"ts":1706981017168,"action":"FILE_OPENED","file":"/main.py","tags":{"FILE_LINE_OF_CODE":"0"}}
{"ts":1706981019249,"action":"FILE_CLOSED","file":"/main.py","tags":{"FILE_LINE_OF_CODE":"0"}}
{"ts":1706981019249,"action":"FILE_OPENED","file":"/README.md","tags":{"FILE_LINE_OF_CODE":"1"}}
{"ts":1706981020545,"action":"FILE_CLOSED","file":"/README.md","tags":{"FILE_LINE_OF_CODE":"1"}}
{"ts":1706981020545,"action":"FILE_OPENED","file":"/main.py","tags":{"FILE_LINE_OF_CODE":"0"}}
{"ts":1706981024290,"action":"IDE_DEACTIVATED"}
{"ts":1706981036057,"action":"IDE_ACTIVATED"}
{"ts":1706981036959,"action":"IDE_DEACTIVATED"}
{"ts":1706981045813,"action":"IDE_ACTIVATED"}
{"ts":1706981046771,"action":"IDE_DEACTIVATED"}
{"ts":1706981088465,"action":"IDE_ACTIVATED"}
{"ts":1706981140379,"action":"IDE_DEACTIVATED"}
{"ts":1706981142145,"action":"IDE_ACTIVATED"}
{"ts":1706981151668,"action":"IDE_DEACTIVATED"}
{"ts":1706981152499,"action":"IDE_ACTIVATED"}
{"ts":1706981163216,"action":"IDE_DEACTIVATED"}
{"ts":1706981168804,"action":"IDE_ACTIVATED"}
{"ts":1706981184771,"action":"IDE_DEACTIVATED"}
{"ts":1706981185902,"action":"IDE_ACTIVATED"}
{"ts":1706981287171,"action":"IDE_DEACTIVATED"}
{"ts":1706981300006,"action":"IDE_ACTIVATED"}
{"ts":1706981324978,"action":"IDE_DEACTIVATED"}
{"ts":1706981326216,"action":"IDE_ACTIVATED"}
{"ts":1706981334670,"action":"IDE_DEACTIVATED"}
{"ts":1706981336036,"action":"IDE_ACTIVATED"}
{"ts":1706981383732,"action":"IDE_DEACTIVATED"}
{"ts":1706981400452,"action":"IDE_ACTIVATED"}
{"ts":1706981402139,"action":"IDE_DEACTIVATED"}
{"ts":1706981411032,"action":"IDE_ACTIVATED"}
{"ts":1706981498292,"action":"IDE_DEACTIVATED"}
{"ts":1706981499640,"action":"IDE_ACTIVATED"}
{"ts":1706981503543,"action":"IDE_DEACTIVATED"}
{"ts":1706981505094,"action":"IDE_ACTIVATED"}
{"ts":1706981516398,"action":"IDE_DEACTIVATED"}
{"ts":1706981517493,"action":"IDE_ACTIVATED"}
{"ts":1706981525232,"action":"IDE_DEACTIVATED"}
{"ts":1706981526766,"action":"IDE_ACTIVATED"}
{"ts":1706981535996,"action":"IDE_DEACTIVATED"}
{"ts":1706981537736,"action":"IDE_ACTIVATED"}
{"ts":1706981548711,"action":"IDE_DEACTIVATED"}
{"ts":1706981551802,"action":"IDE_ACTIVATED"}
{"ts":1706981553261,"action":"IDE_DEACTIVATED"}
{"ts":1706981555631,"action":"IDE_ACTIVATED"}
{"ts":1706981561230,"action":"IDE_DEACTIVATED"}
{"ts":1706981564132,"action":"IDE_ACTIVATED"}
{"ts":1706981570815,"action":"IDE_DEACTIVATED"}
{"ts":1706981572481,"action":"IDE_ACTIVATED"}
{"ts":1706981578972,"action":"IDE_DEACTIVATED"}
{"ts":1706981583824,"action":"IDE_ACTIVATED"}
{"ts":1706981590420,"action":"IDE_DEACTIVATED"}
{"ts":1706981591989,"action":"IDE_ACTIVATED"}
{"ts":1706981599852,"action":"IDE_DEACTIVATED"}
{"ts":1706981601373,"action":"IDE_ACTIVATED"}
{"ts":1706981605101,"action":"IDE_DEACTIVATED"}
{"ts":1706981606635,"action":"IDE_ACTIVATED"}
{"ts":1706981610758,"action":"IDE_DEACTIVATED"}
{"ts":1706981614326,"action":"IDE_ACTIVATED"}
{"ts":1706981618401,"action":"IDE_DEACTIVATED"}
{"ts":1706981619564,"action":"IDE_ACTIVATED"}
{"ts":1706981625319,"action":"IDE_DEACTIVATED"}
{"ts":1706981627455,"action":"IDE_ACTIVATED"}
{"ts":1706981630112,"action":"IDE_DEACTIVATED"}
{"ts":1706981634511,"action":"IDE_ACTIVATED"}
{"ts":1706981645986,"action":"IDE_DEACTIVATED"}
{"ts":1706981647269,"action":"IDE_ACTIVATED"}
{"ts":1706981651144,"action":"IDE_DEACTIVATED"}
{"ts":1706981653118,"action":"IDE_ACTIVATED"}
{"ts":1706981657666,"action":"IDE_DEACTIVATED"}
{"ts":1706981664940,"action":"IDE_ACTIVATED"}
{"ts":1706981667152,"action":"IDE_DEACTIVATED"}
{"ts":1706981670870,"action":"IDE_ACTIVATED"}
{"ts":1706981672846,"action":"IDE_DEACTIVATED"}
{"ts":1706981677921,"action":"IDE_ACTIVATED"}
{"ts":1706981679258,"action":"IDE_DEACTIVATED"}
{"ts":1706981681440,"action":"IDE_ACTIVATED"}
{"ts":1706981691697,"action":"IDE_DEACTIVATED"}
{"ts":1706981692700,"action":"IDE_ACTIVATED"}
{"ts":1706981695761,"action":"IDE_DEACTIVATED"}
{"ts":1706981701427,"action":"IDE_ACTIVATED"}
{"ts":1706981703125,"action":"IDE_DEACTIVATED"}
{"ts":1706981704097,"action":"IDE_ACTIVATED"}
{"ts":1706981716375,"action":"IDE_DEACTIVATED"}
{"ts":1706981737472,"action":"IDE_ACTIVATED"}
{"ts":1706981741413,"action":"IDE_DEACTIVATED"}
{"ts":1706981742358,"action":"IDE_ACTIVATED"}
{"ts":1706981767548,"action":"IDE_DEACTIVATED"}
{"ts":1706981770167,"action":"IDE_ACTIVATED"}
{"ts":1706981783537,"action":"IDE_DEACTIVATED"}
{"ts":1706981784647,"action":"IDE_ACTIVATED"}
{"ts":1706981807426,"action":"IDE_DEACTIVATED"}
{"ts":1706981816130,"action":"IDE_ACTIVATED"}
{"ts":1706981830537,"action":"IDE_DEACTIVATED"}
{"ts":1706981841394,"action":"IDE_ACTIVATED"}
{"ts":1706981842435,"action":"IDE_DEACTIVATED"}
{"ts":1706981857211,"action":"IDE_ACTIVATED"}
{"ts":1706981863178,"action":"IDE_DEACTIVATED"}
{"ts":1706981876818,"action":"IDE_ACTIVATED"}
{"ts":1706981891046,"action":"IDE_DEACTIVATED"}
{"ts":1706981895126,"action":"IDE_ACTIVATED"}
{"ts":1706981909051,"action":"IDE_DEACTIVATED"}
{"ts":1706981912862,"action":"IDE_ACTIVATED"}
{"ts":1706981915176,"action":"IDE_DEACTIVATED"}
{"ts":1706981918660,"action":"IDE_ACTIVATED"}
{"ts":1706981957570,"action":"IDE_DEACTIVATED"}
{"ts":1706981960665,"action":"IDE_ACTIVATED"}
{"ts":1706981967264,"action":"IDE_DEACTIVATED"}
{"ts":1706981970548,"action":"IDE_ACTIVATED"}
{"ts":1706981983104,"action":"IDE_DEACTIVATED"}
{"ts":1706981985705,"action":"IDE_ACTIVATED"}
{"ts":1706981998872,"action":"IDE_DEACTIVATED"}
{"ts":1706982002204,"action":"IDE_ACTIVATED"}
{"ts":1706982076996,"action":"IDE_DEACTIVATED"}
{"ts":1706982077623,"action":"IDE_ACTIVATED"}
{"ts":1706982078189,"action":"IDE_DEACTIVATED"}
{"ts":1706982140463,"action":"IDE_ACTIVATED"}
{"ts":1706982151835,"action":"IDE_DEACTIVATED"}
{"ts":1706982623129,"action":"IDE_ACTIVATED"}
{"ts":1706982653287,"action":"IDE_DEACTIVATED"}
{"ts":1706982701005,"action":"IDE_ACTIVATED"}
{"ts":1706982725581,"action":"IDE_DEACTIVATED"}
{"ts":1706982733348,"action":"IDE_ACTIVATED"}
{"ts":1706982760162,"action":"IDE_DEACTIVATED"}
{"ts":1706982825450,"action":"IDE_ACTIVATED"}
{"ts":1706982849343,"action":"IDE_DEACTIVATED"}
{"ts":1706982850385,"action":"IDE_ACTIVATED"}
{"ts":1706982852268,"action":"IDE_DEACTIVATED"}
{"ts":1706982863684,"action":"IDE_ACTIVATED"}
{"ts":1706982874060,"action":"IDE_DEACTIVATED"}
{"ts":1706982905637,"action":"IDE_ACTIVATED"}
{"ts":1706982925517,"action":"IDE_DEACTIVATED"}
{"ts":1706982931881,"action":"IDE_ACTIVATED"}
{"ts":1706982951869,"action":"IDE_DEACTIVATED"}
{"ts":1706982959398,"action":"IDE_ACTIVATED"}
{"ts":1706982964373,"action":"IDE_DEACTIVATED"}
{"ts":1706982980139,"action":"IDE_ACTIVATED"}
{"ts":1706983043162,"action":"IDE_DEACTIVATED"}
{"ts":1706983045339,"action":"IDE_ACTIVATED"}
{"ts":1706983059267,"action":"IDE_DEACTIVATED"}
{"ts":1706983068329,"action":"IDE_ACTIVATED"}
{"ts":1706983071989,"action":"IDE_DEACTIVATED"}
{"ts":1706983086416,"action":"IDE_ACTIVATED"}
{"ts":1706983110506,"action":"IDE_DEACTIVATED"}
{"ts":1706983128083,"action":"IDE_ACTIVATED"}
{"ts":1706983157937,"action":"IDE_DEACTIVATED"}
{"ts":1706983161944,"action":"IDE_ACTIVATED"}
{"ts":1706983167937,"action":"IDE_DEACTIVATED"}
{"ts":1706983169897,"action":"IDE_ACTIVATED"}
{"ts":1706983175691,"action":"IDE_DEACTIVATED"}
{"ts":1706983178023,"action":"IDE_ACTIVATED"}
{"ts":1706983182156,"action":"IDE_DEACTIVATED"}
{"ts":1706983183611,"action":"IDE_ACTIVATED"}
{"ts":1706983189523,"action":"IDE_DEACTIVATED"}
{"ts":1706983189779,"action":"IDE_ACTIVATED"}
{"ts":1706983191601,"action":"IDE_DEACTIVATED"}
{"ts":1706983193245,"action":"IDE_ACTIVATED"}
{"ts":1706983196620,"action":"IDE_DEACTIVATED"}
{"ts":1706983198270,"action":"IDE_ACTIVATED"}
{"ts":1706983203939,"action":"IDE_DEACTIVATED"}
{"ts":1706983209418,"action":"IDE_ACTIVATED"}
{"ts":1706983228081,"action":"IDE_DEACTIVATED"}
{"ts":1706983229487,"action":"IDE_ACTIVATED"}
{"ts":1706983231181,"action":"IDE_DEACTIVATED"}
{"ts":1706983232876,"action":"IDE_ACTIVATED"}
{"ts":1706983238272,"action":"IDE_DEACTIVATED"}
{"ts":1706983241397,"action":"IDE_ACTIVATED"}
{"ts":1706983247243,"action":"IDE_DEACTIVATED"}
{"ts":1706983250412,"action":"IDE_ACTIVATED"}
{"ts":1706983251569,"action":"IDE_DEACTIVATED"}
{"ts":1706983265034,"action":"IDE_ACTIVATED"}
{"ts":1706983265981,"action":"IDE_DEACTIVATED"}
{"ts":1706983284425,"action":"IDE_ACTIVATED"}
{"ts":1706983374518,"action":"IDE_DEACTIVATED"}
{"ts":1706983383046,"action":"IDE_ACTIVATED"}
{"ts":1706983386061,"action":"IDE_DEACTIVATED"}
{"ts":1706983387108,"action":"IDE_ACTIVATED"}
{"ts":1706983407751,"action":"IDE_DEACTIVATED"}
{"ts":1706983409039,"action":"IDE_ACTIVATED"}
{"ts":1706983417429,"action":"IDE_DEACTIVATED"}
{"ts":1706983418896,"action":"IDE_ACTIVATED"}
{"ts":1706983429993,"action":"IDE_DEACTIVATED"}
{"ts":1706983432412,"action":"IDE_ACTIVATED"}
{"ts":1706983439013,"action":"IDE_DEACTIVATED"}
{"ts":1706983440497,"action":"IDE_ACTIVATED"}
{"ts":1706983445180,"action":"IDE_DEACTIVATED"}
{"ts":1706983447344,"action":"IDE_ACTIVATED"}
{"ts":1706983448380,"action":"IDE_DEACTIVATED"}
{"ts":1706983449929,"action":"IDE_ACTIVATED"}
{"ts":1706983451090,"action":"IDE_DEACTIVATED"}
{"ts":1706983453832,"action":"IDE_ACTIVATED"}
{"ts":1706983457021,"action":"IDE_DEACTIVATED"}
{"ts":1706983458733,"action":"IDE_ACTIVATED"}
{"ts":1706983460091,"action":"IDE_DEACTIVATED"}
{"ts":1706983463101,"action":"IDE_ACTIVATED"}
{"ts":1706983463992,"action":"IDE_DEACTIVATED"}
{"ts":1706983465487,"action":"IDE_ACTIVATED"}
{"ts":1706983469618,"action":"IDE_DEACTIVATED"}
{"ts":1706983474683,"action":"IDE_ACTIVATED"}
{"ts":1706983482240,"action":"IDE_DEACTIVATED"}
{"ts":1706983527410,"action":"IDE_ACTIVATED"}
{"ts":1706983545686,"action":"IDE_DEACTIVATED"}
{"ts":1706983555471,"action":"IDE_ACTIVATED"}
{"ts":1706983557640,"action":"IDE_DEACTIVATED"}
{"ts":1706983561788,"action":"IDE_ACTIVATED"}
{"ts":1706983706348,"action":"IDE_DEACTIVATED"}
{"ts":1706983707265,"action":"IDE_ACTIVATED"}
{"ts":1706983736786,"action":"IDE_DEACTIVATED"}
{"ts":1706983737640,"action":"IDE_ACTIVATED"}
{"ts":1706983784117,"action":"IDE_DEACTIVATED"}
{"ts":1706983787413,"action":"IDE_ACTIVATED"}
{"ts":1706983788153,"action":"IDE_DEACTIVATED"}
{"ts":1706983837942,"action":"IDE_ACTIVATED"}
{"ts":1706983838631,"action":"IDE_DEACTIVATED"}
{"ts":1706983839303,"action":"IDE_ACTIVATED"}
{"ts":1706983850741,"action":"IDE_DEACTIVATED"}
{"ts":1706983882934,"action":"IDE_ACTIVATED"}
{"ts":1706983884413,"action":"IDE_DEACTIVATED"}
{"ts":1706983888107,"action":"IDE_ACTIVATED"}
{"ts":1706983888901,"action":"IDE_DEACTIVATED"}
{"ts":1706983894014,"action":"IDE_ACTIVATED"}
{"ts":1706983908604,"action":"IDE_DEACTIVATED"}
{"ts":1706983942655,"action":"IDE_ACTIVATED"}
{"ts":1706984115716,"action":"IDE_DEACTIVATED"}
{"ts":1706984165835,"action":"IDE_ACTIVATED"}
{"ts":1706984168032,"action":"IDE_DEACTIVATED"}
{"ts":1706984189594,"action":"IDE_ACTIVATED"}
{"ts":1706984195784,"action":"IDE_DEACTIVATED"}
{"ts":1706984302688,"action":"IDE_ACTIVATED"}
{"ts":1706984322996,"action":"IDE_DEACTIVATED"}
{"ts":1706984362089,"action":"IDE_ACTIVATED"}
{"ts":1706984364883,"action":"IDE_DEACTIVATED"}
{"ts":1706984366048,"action":"IDE_ACTIVATED"}
{"ts":1706984366758,"action":"IDE_DEACTIVATED"}
{"ts":1706984373397,"action":"IDE_ACTIVATED"}
{"ts":1706984380467,"action":"IDE_DEACTIVATED"}
{"ts":1706984436769,"action":"IDE_ACTIVATED"}
{"ts":1706984438524,"action":"IDE_DEACTIVATED"}
{"ts":1706984495039,"action":"IDE_ACTIVATED"}
{"ts":1706984533828,"action":"IDE_DEACTIVATED"}
{"ts":1706984541563,"action":"IDE_ACTIVATED"}
{"ts":1706984549399,"action":"IDE_DEACTIVATED"}
{"ts":1706984569701,"action":"IDE_ACTIVATED"}
{"ts":1706984586558,"action":"FILE_CLOSED","file":"/main.py","tags":{"FILE_LINE_OF_CODE":"42"}}
{"ts":1706984586558,"action":"FILE_OPENED","file":"/main1","tags":{"FILE_LINE_OF_CODE":"0"}}
{"ts":1706984590480,"action":"FILE_CLOSED","file":"/main1","tags":{"FILE_LINE_OF_CODE":"0"}}
{"ts":1706984590483,"action":"FILE_OPENED","file":"/main.py","tags":{"FILE_LINE_OF_CODE":"42"}}
{"ts":1706984611398,"action":"FILE_CLOSED","file":"/main.py","tags":{"FILE_LINE_OF_CODE":"42"}}
{"ts":1706984611398,"action":"FILE_OPENED","file":"/main1.py","tags":{"FILE_LINE_OF_CODE":"0"}}
{"ts":1706984749627,"action":"IDE_DEACTIVATED"}
{"ts":1706984754565,"action":"IDE_ACTIVATED"}
{"ts":1706984756589,"action":"FILE_CLOSED","file":"/main1.py","tags":{"FILE_LINE_OF_CODE":"56"}}
{"ts":1706984756589,"action":"FILE_OPENED","file":"/main.py","tags":{"FILE_LINE_OF_CODE":"42"}}
{"ts":1706984760466,"action":"IDE_DEACTIVATED"}
{"ts":1706984773680,"action":"IDE_ACTIVATED"}
{"ts":1706984892630,"action":"IDE_DEACTIVATED"}
{"ts":1706984964915,"action":"IDE_ACTIVATED"}
{"ts":1706984978338,"action":"IDE_DEACTIVATED"}
{"ts":1706984993023,"action":"IDE_ACTIVATED"}
{"ts":1706985232826,"action":"IDE_DEACTIVATED"}
{"ts":1706985648272,"action":"IDE_ACTIVATED"}
{"ts":1706985671672,"action":"IDE_DEACTIVATED"}
{"ts":1706985685802,"action":"IDE_ACTIVATED"}
{"ts":1706985687090,"action":"IDE_DEACTIVATED"}
{"ts":1706985736631,"action":"IDE_ACTIVATED"}
{"ts":1706985803808,"action":"IDE_DEACTIVATED"}
{"ts":1706985816986,"action":"IDE_ACTIVATED"}
{"ts":1706985849587,"action":"IDE_DEACTIVATED"}
{"ts":1706985949478,"action":"IDE_ACTIVATED"}
{"ts":1706986012400,"action":"IDE_DEACTIVATED"}
{"ts":1706986036088,"action":"IDE_ACTIVATED"}
{"ts":1706986210995,"action":"IDE_DEACTIVATED"}
{"ts":1706986226041,"action":"IDE_ACTIVATED"}
{"ts":1706986251864,"action":"IDE_DEACTIVATED"}
{"ts":1706986256907,"action":"IDE_ACTIVATED"}
{"ts":1706986267448,"action":"IDE_DEACTIVATED"}
{"ts":1706986277763,"action":"IDE_ACTIVATED"}
{"ts":1706986402676,"action":"IDE_DEACTIVATED"}
{"ts":1706986406611,"action":"IDE_ACTIVATED"}
{"ts":1706986413464,"action":"IDE_DEACTIVATED"}
{"ts":1706986440203,"action":"IDE_ACTIVATED"}
{"ts":1706986549729,"action":"IDE_DEACTIVATED"}
{"ts":1706986556791,"action":"IDE_ACTIVATED"}
{"ts":1706986621342,"action":"IDE_DEACTIVATED"}
{"ts":1706986634813,"action":"IDE_ACTIVATED"}
{"ts":1706986683626,"action":"IDE_DEACTIVATED"}
{"ts":1706986708025,"action":"IDE_ACTIVATED"}
{"ts":1706986722171,"action":"IDE_DEACTIVATED"}
{"ts":1706986724108,"action":"IDE_ACTIVATED"}
{"ts":1706986753066,"action":"IDE_DEACTIVATED"}
{"ts":1706986786314,"action":"IDE_ACTIVATED"}
{"ts":1706986787664,"action":"IDE_DEACTIVATED"}
{"ts":1706986831264,"action":"IDE_ACTIVATED"}
{"ts":1706986869892,"action":"IDE_DEACTIVATED"}
{"ts":1706986925507,"action":"IDE_ACTIVATED"}
{"ts":1706986957796,"action":"IDE_DEACTIVATED"}
{"ts":1706986970884,"action":"IDE_ACTIVATED"}
{"ts":1706986983248,"action":"IDE_DEACTIVATED"}
{"ts":1706986992623,"action":"IDE_ACTIVATED"}
{"ts":1706986993186,"action":"IDE_DEACTIVATED"}
{"ts":1706987043529,"action":"IDE_ACTIVATED"}
{"ts":1706987089734,"action":"IDE_DEACTIVATED"}
{"ts":1706987146065,"action":"IDE_ACTIVATED"}
{"ts":1706987209296,"action":"IDE_DEACTIVATED"}
{"ts":1706987210671,"action":"IDE_ACTIVATED"}
{"ts":1706987211755,"action":"IDE_DEACTIVATED"}
{"ts":1706987216562,"action":"IDE_ACTIVATED"}
{"ts":1706987218136,"action":"IDE_DEACTIVATED"}
{"ts":1706987254269,"action":"IDE_ACTIVATED"}
{"ts":1706987257863,"action":"IDE_DEACTIVATED"}
{"ts":1706987367950,"action":"IDE_ACTIVATED"}
{"ts":1706987405414,"action":"IDE_DEACTIVATED"}
{"ts":1706987412993,"action":"IDE_ACTIVATED"}
{"ts":1706987563911,"action":"IDE_DEACTIVATED"}
{"ts":1706987606888,"action":"IDE_ACTIVATED"}
{"ts":1706987628536,"action":"IDE_DEACTIVATED"}
{"ts":1706987629717,"action":"IDE_ACTIVATED"}
{"ts":1706987658323,"action":"IDE_DEACTIVATED"}
{"ts":1706987729164,"action":"IDE_ACTIVATED"}
{"ts":1706987733616,"action":"IDE_DEACTIVATED"}
{"ts":1706987738755,"action":"IDE_ACTIVATED"}
{"ts":1706987786039,"action":"IDE_DEACTIVATED"}
{"ts":1706987789905,"action":"IDE_ACTIVATED"}
{"ts":1706987794773,"action":"IDE_DEACTIVATED"}
{"ts":1706987817451,"action":"IDE_ACTIVATED"}
{"ts":1706987841763,"action":"IDE_DEACTIVATED"}
{"ts":1706987842668,"action":"IDE_ACTIVATED"}
{"ts":1706987888430,"action":"IDE_DEACTIVATED"}
{"ts":1706987922170,"action":"IDE_ACTIVATED"}
{"ts":1706987971341,"action":"IDE_DEACTIVATED"}
{"ts":1706987983313,"action":"IDE_ACTIVATED"}
{"ts":1706987996577,"action":"IDE_DEACTIVATED"}
{"ts":1706988012823,"action":"IDE_ACTIVATED"}
{"ts":1706988070643,"action":"IDE_DEACTIVATED"}
{"ts":1706988103513,"action":"IDE_ACTIVATED"}
{"ts":1706988142208,"action":"IDE_DEACTIVATED"}
{"ts":1706988178769,"action":"IDE_ACTIVATED"}
{"ts":1706988311184,"action":"IDE_DEACTIVATED"}
{"ts":1706988368458,"action":"IDE_ACTIVATED"}
{"ts":1706988399017,"action":"IDE_DEACTIVATED"}
{"ts":1706988403820,"action":"IDE_ACTIVATED"}
{"ts":1706988409368,"action":"IDE_DEACTIVATED"}
{"ts":1706988423956,"action":"IDE_ACTIVATED"}
{"ts":1706988531398,"action":"IDE_DEACTIVATED"}
{"ts":1706988577387,"action":"IDE_ACTIVATED"}
{"ts":1706988627318,"action":"IDE_DEACTIVATED"}
{"ts":1706988673437,"action":"IDE_ACTIVATED"}
{"ts":1706988697866,"action":"IDE_DEACTIVATED"}
{"ts":1706988726870,"action":"IDE_ACTIVATED"}
{"ts":1706988741011,"action":"IDE_DEACTIVATED"}
{"ts":1706988742413,"action":"IDE_ACTIVATED"}
{"ts":1706988820704,"action":"IDE_DEACTIVATED"}
{"ts":1706988854138,"action":"IDE_ACTIVATED"}
{"ts":1706988870214,"action":"IDE_DEACTIVATED"}
{"ts":1706988885416,"action":"IDE_ACTIVATED"}
{"ts":1706988920889,"action":"IDE_DEACTIVATED"}
{"ts":1706988922296,"action":"IDE_ACTIVATED"}
{"ts":1706988966595,"action":"IDE_DEACTIVATED"}
{"ts":1706988977779,"action":"IDE_ACTIVATED"}
{"ts":1706988983331,"action":"IDE_DEACTIVATED"}
{"ts":1706988989451,"action":"IDE_ACTIVATED"}
{"ts":1706989000560,"action":"IDE_DEACTIVATED"}
{"ts":1706989013181,"action":"IDE_ACTIVATED"}
{"ts":1706989043196,"action":"IDE_DEACTIVATED"}
{"ts":1706989050153,"action":"IDE_ACTIVATED"}
{"ts":1706989051293,"action":"IDE_DEACTIVATED"}
{"ts":1706989060711,"action":"IDE_ACTIVATED"}
{"ts":1706989208773,"action":"IDE_DEACTIVATED"}
{"ts":1706989389989,"action":"IDE_ACTIVATED"}
{"ts":1706989418282,"action":"IDE_DEACTIVATED"}
{"ts":1706989453944,"action":"IDE_ACTIVATED"}
{"ts":1706989461821,"action":"IDE_DEACTIVATED"}
{"ts":1706989463942,"action":"IDE_ACTIVATED"}
{"ts":1706989536457,"action":"IDE_DEACTIVATED"}
{"ts":1706989638964,"action":"IDE_ACTIVATED"}
{"ts":1706989668394,"action":"IDE_DEACTIVATED"}
{"ts":1706989683928,"action":"IDE_ACTIVATED"}
{"ts":1706989689624,"action":"IDE_DEACTIVATED"}
{"ts":1706989703277,"action":"IDE_ACTIVATED"}
{"ts":1706989723839,"action":"IDE_DEACTIVATED"}
{"ts":1706989736873,"action":"IDE_ACTIVATED"}
{"ts":1706989741583,"action":"IDE_DEACTIVATED"}
{"ts":1706989752650,"action":"IDE_ACTIVATED"}
{"ts":1706989819620,"action":"IDE_DEACTIVATED"}
{"ts":1706990004811,"action":"IDE_ACTIVATED"}
{"ts":1706990424291,"action":"IDE_DEACTIVATED"}
{"ts":1706990443812,"action":"IDE_ACTIVATED"}
{"ts":1706990917502,"action":"IDE_DEACTIVATED"}
{"ts":1706990931292,"action":"IDE_ACTIVATED"}
{"ts":1706990967673,"action":"IDE_DEACTIVATED"}
{"ts":1706990984466,"action":"IDE_ACTIVATED"}
{"ts":1706991109763,"action":"IDE_DEACTIVATED"}
{"ts":1706991139657,"action":"IDE_ACTIVATED"}
{"ts":1706991155711,"action":"IDE_DEACTIVATED"}
{"ts":1706991231898,"action":"IDE_ACTIVATED"}
{"ts":1706991306882,"action":"IDE_DEACTIVATED"}
{"ts":1706991434236,"action":"IDE_ACTIVATED"}
{"ts":1706991455709,"action":"IDE_DEACTIVATED"}
{"ts":1706991467559,"action":"IDE_ACTIVATED"}
{"ts":1706991497836,"action":"IDE_DEACTIVATED"}
{"ts":1706991507403,"action":"IDE_ACTIVATED"}
{"ts":1706991521500,"action":"IDE_DEACTIVATED"}
{"ts":1706991772600,"action":"IDE_ACTIVATED"}
{"ts":1706992007605,"action":"IDE_DEACTIVATED"}
{"ts":1706992230652,"action":"IDE_ACTIVATED"}
{"ts":1706992244580,"action":"IDE_DEACTIVATED"}
{"ts":1706992295394,"action":"IDE_ACTIVATED"}
{"ts":1706992297316,"action":"IDE_DEACTIVATED"}
{"ts":1706992418064,"action":"IDE_ACTIVATED"}
{"ts":1706992419981,"action":"IDE_DEACTIVATED"}
{"ts":1706992635920,"action":"IDE_ACTIVATED"}
{"ts":1706992825878,"action":"IDE_DEACTIVATED"}
{"ts":1706993093214,"action":"IDE_ACTIVATED"}
{"ts":1706993096714,"action":"IDE_DEACTIVATED"}
{"ts":1706993189038,"action":"IDE_ACTIVATED"}
{"ts":1706993226247,"action":"FILE_CLOSED","file":"/main.py","tags":{"FILE_LINE_OF_CODE":"102"}}
{"ts":1706993226247,"action":"FILE_OPENED","file":"/project/Socket_chat.py","tags":{"FILE_LINE_OF_CODE":"0"}}
{"ts":1706993233150,"action":"IDE_DEACTIVATED"}
{"ts":1706993251779,"action":"IDE_ACTIVATED"}
{"ts":1706993281038,"action":"IDE_DEACTIVATED"}
{"ts":1706993344980,"action":"IDE_ACTIVATED"}
{"ts":1706993411517,"action":"IDE_DEACTIVATED"}
{"ts":1706993416831,"action":"IDE_ACTIVATED"}
{"ts":1706993419343,"action":"IDE_DEACTIVATED"}
{"ts":1706993424448,"action":"IDE_ACTIVATED"}
{"ts":1706993427829,"action":"IDE_DEACTIVATED"}
{"ts":1706993430051,"action":"IDE_ACTIVATED"}
{"ts":1706993432217,"action":"IDE_DEACTIVATED"}
{"ts":1706993435817,"action":"IDE_ACTIVATED"}
{"ts":1706993447753,"action":"IDE_DEACTIVATED"}
{"ts":1706993451154,"action":"IDE_ACTIVATED"}
{"ts":1706993552014,"action":"IDE_DEACTIVATED"}
{"ts":1706993555592,"action":"IDE_ACTIVATED"}
{"ts":1706993672537,"action":"FILE_CLOSED","file":"/project/Socket_chat.py","tags":{"FILE_LINE_OF_CODE":"68"}}
{"ts":1706993672537,"action":"FILE_OPENED","file":"/project/pyproject.toml","tags":{"FILE_LINE_OF_CODE":"15"}}
{"ts":1706993679818,"action":"FILE_CLOSED","file":"/project/pyproject.toml","tags":{"FILE_LINE_OF_CODE":"15"}}
{"ts":1706993679819,"action":"FILE_OPENED","file":"/project/Socket_chat.py","tags":{"FILE_LINE_OF_CODE":"68"}}
{"ts":1706993681449,"action":"FILE_CLOSED","file":"/project/Socket_chat.py","tags":{"FILE_LINE_OF_CODE":"68"}}
{"ts":1706993681449,"action":"FILE_OPENED","file":"/project/pyproject.toml","tags":{"FILE_LINE_OF_CODE":"15"}}
{"ts":1706993682472,"action":"FILE_CLOSED","file":"/project/pyproject.toml","tags":{"FILE_LINE_OF_CODE":"15"}}
{"ts":1706993682477,"action":"FILE_OPENED","file":"/project/Socket_chat.py","tags":{"FILE_LINE_OF_CODE":"68"}}
{"ts":1706993772068,"action":"IDE_DEACTIVATED"}
{"ts":1706993772592,"action":"PROJECT_CLOSED","tags":{"PROJECT_NAME":"Python-Web---HW5"}}
{"ts":1707053811286,"action":"FILE_OPENED","file":"/project/Socket_chat.py","tags":{"FILE_LINE_OF_CODE":"68"}}
{"ts":1707053811530,"action":"PROJECT_OPENED","tags":{"PROJECT_NAME":"Python-Web---HW5"}}
{"ts":1707053945083,"action":"IDE_DEACTIVATED"}
{"ts":1707054004105,"action":"IDE_ACTIVATED"}
{"ts":1707054005341,"action":"IDE_DEACTIVATED"}
{"ts":1707054025355,"action":"IDE_ACTIVATED"}
{"ts":1707054040094,"action":"IDE_DEACTIVATED"}
{"ts":1707054167505,"action":"IDE_ACTIVATED"}
{"ts":1707054211681,"action":"IDE_DEACTIVATED"}
{"ts":1707054214930,"action":"IDE_ACTIVATED"}
{"ts":1707054228345,"action":"IDE_DEACTIVATED"}
{"ts":1707054246485,"action":"IDE_ACTIVATED"}
{"ts":1707054247077,"action":"IDE_DEACTIVATED"}
{"ts":1707054259255,"action":"IDE_ACTIVATED"}
{"ts":1707054260906,"action":"IDE_DEACTIVATED"}
{"ts":1707054261982,"action":"IDE_ACTIVATED"}
{"ts":1707054262691,"action":"IDE_DEACTIVATED"}
{"ts":1707054400740,"action":"IDE_ACTIVATED"}
{"ts":1707054409310,"action":"IDE_DEACTIVATED"}
{"ts":1707054466519,"action":"IDE_ACTIVATED"}
{"ts":1707054484623,"action":"IDE_DEACTIVATED"}
{"ts":1707054622922,"action":"IDE_ACTIVATED"}
{"ts":1707054643830,"action":"IDE_DEACTIVATED"}
{"ts":1707055233257,"action":"IDE_ACTIVATED"}
{"ts":1707055238136,"action":"FILE_CLOSED","file":"/project/Socket_chat.py","tags":{"FILE_LINE_OF_CODE":"68"}}
{"ts":1707055238138,"action":"FILE_OPENED","file":"/main.py","tags":{"FILE_LINE_OF_CODE":"102"}}
{"ts":1707055251632,"action":"FILE_CLOSED","file":"/main.py","tags":{"FILE_LINE_OF_CODE":"102"}}
{"ts":1707055251632,"action":"FILE_OPENED","file":"/project/Socket_chat.py","tags":{"FILE_LINE_OF_CODE":"68"}}
{"ts":1707055257219,"action":"FILE_CLOSED","file":"/project/Socket_chat.py","tags":{"FILE_LINE_OF_CODE":"68"}}
{"ts":1707055257219,"action":"FILE_OPENED","file":"/main.py","tags":{"FILE_LINE_OF_CODE":"102"}}
{"ts":1707055260753,"action":"IDE_DEACTIVATED"}
{"ts":1707055262030,"action":"IDE_ACTIVATED"}
{"ts":1707055262445,"action":"IDE_DEACTIVATED"}
{"ts":1707055336486,"action":"IDE_ACTIVATED"}
{"ts":1707055338619,"action":"IDE_DEACTIVATED"}
{"ts":1707055405619,"action":"IDE_ACTIVATED"}
{"ts":1707055427191,"action":"FILE_CLOSED","file":"/main.py","tags":{"FILE_LINE_OF_CODE":"102"}}
{"ts":1707055427191,"action":"FILE_OPENED","file":"/main1.py","tags":{"FILE_LINE_OF_CODE":"0"}}
{"ts":1707055459832,"action":"IDE_DEACTIVATED"}
{"ts":1707055539995,"action":"IDE_ACTIVATED"}
{"ts":1707055602464,"action":"IDE_DEACTIVATED"}
{"ts":1707055606985,"action":"IDE_ACTIVATED"}
{"ts":1707055616683,"action":"IDE_DEACTIVATED"}
{"ts":1707055630052,"action":"IDE_ACTIVATED"}
{"ts":1707055658009,"action":"IDE_DEACTIVATED"}
{"ts":1707055670356,"action":"IDE_ACTIVATED"}
{"ts":1707055687476,"action":"IDE_DEACTIVATED"}
{"ts":1707055690262,"action":"IDE_ACTIVATED"}
{"ts":1707055711040,"action":"IDE_DEACTIVATED"}
{"ts":1707055721148,"action":"IDE_ACTIVATED"}
{"ts":1707055724000,"action":"IDE_DEACTIVATED"}
{"ts":1707055741795,"action":"IDE_ACTIVATED"}
{"ts":1707055746618,"action":"IDE_DEACTIVATED"}
{"ts":1707055757917,"action":"IDE_ACTIVATED"}
{"ts":1707055798431,"action":"IDE_DEACTIVATED"}
{"ts":1707055807980,"action":"IDE_ACTIVATED"}
{"ts":1707055810806,"action":"IDE_DEACTIVATED"}
{"ts":1707055821277,"action":"IDE_ACTIVATED"}
{"ts":1707055828327,"action":"IDE_DEACTIVATED"}
{"ts":1707055832800,"action":"IDE_ACTIVATED"}
{"ts":1707055843286,"action":"IDE_DEACTIVATED"}
{"ts":1707055844567,"action":"IDE_ACTIVATED"}
{"ts":1707055845522,"action":"IDE_DEACTIVATED"}
{"ts":1707055928531,"action":"IDE_ACTIVATED"}
{"ts":1707055930955,"action":"FILE_CLOSED","file":"/main1.py","tags":{"FILE_LINE_OF_CODE":"160"}}
{"ts":1707055930955,"action":"FILE_OPENED","file":"/project/Socket_chat.py","tags":{"FILE_LINE_OF_CODE":"68"}}
{"ts":1707055933586,"action":"IDE_DEACTIVATED"}
{"ts":1707055936390,"action":"IDE_ACTIVATED"}
{"ts":1707055941628,"action":"IDE_DEACTIVATED"}
{"ts":1707055971744,"action":"IDE_ACTIVATED"}
{"ts":1707055982420,"action":"IDE_DEACTIVATED"}
{"ts":1707055983839,"action":"IDE_ACTIVATED"}
{"ts":1707056057452,"action":"IDE_DEACTIVATED"}
{"ts":1707056072878,"action":"IDE_ACTIVATED"}
{"ts":1707056075662,"action":"FILE_CLOSED","file":"/Socket_chat.py","tags":{"FILE_LINE_OF_CODE":"17"}}
{"ts":1707056075662,"action":"FILE_OPENED","file":"/main1.py","tags":{"FILE_LINE_OF_CODE":"160"}}
{"ts":1707056099757,"action":"IDE_DEACTIVATED"}
{"ts":1707056102775,"action":"IDE_ACTIVATED"}
{"ts":1707056107808,"action":"FILE_CLOSED","file":"/main1.py","tags":{"FILE_LINE_OF_CODE":"160"}}
{"ts":1707056107808,"action":"FILE_OPENED","file":"/Socket_chat.py","tags":{"FILE_LINE_OF_CODE":"17"}}
{"ts":1707056134163,"action":"IDE_DEACTIVATED"}
{"ts":1707056208788,"action":"IDE_ACTIVATED"}
{"ts":1707056248809,"action":"FILE_CLOSED","file":"/Socket_chat.py","tags":{"FILE_LINE_OF_CODE":"23"}}
{"ts":1707056248809,"action":"FILE_OPENED","file":"/main1.py","tags":{"FILE_LINE_OF_CODE":"160"}}
{"ts":1707056295395,"action":"FILE_CLOSED","file":"/main1.py","tags":{"FILE_LINE_OF_CODE":"160"}}
{"ts":1707056295395,"action":"FILE_OPENED","file":"/Socket_chat.py","tags":{"FILE_LINE_OF_CODE":"23"}}
{"ts":1707056314749,"action":"IDE_DEACTIVATED"}
{"ts":1707056320349,"action":"IDE_ACTIVATED"}
{"ts":1707056323565,"action":"IDE_DEACTIVATED"}
{"ts":1707056383516,"action":"IDE_ACTIVATED"}
{"ts":1707056408141,"action":"FILE_CLOSED","file":"/Socket_chat.py","tags":{"FILE_LINE_OF_CODE":"23"}}
{"ts":1707056408142,"action":"FILE_OPENED","file":"/main1.py","tags":{"FILE_LINE_OF_CODE":"160"}}
{"ts":1707056489189,"action":"IDE_DEACTIVATED"}
{"ts":1707056537777,"action":"IDE_ACTIVATED"}
{"ts":1707056615669,"action":"IDE_DEACTIVATED"}
{"ts":1707056739896,"action":"IDE_ACTIVATED"}
{"ts":1707056759408,"action":"IDE_DEACTIVATED"}
{"ts":1707056763857,"action":"IDE_ACTIVATED"}
{"ts":1707056806971,"action":"IDE_DEACTIVATED"}
{"ts":1707056880857,"action":"IDE_ACTIVATED"}
{"ts":1707056880918,"action":"FILE_CLOSED","file":"/main1.py","tags":{"FILE_LINE_OF_CODE":"172"}}
{"ts":1707056880918,"action":"FILE_OPENED","file":"/Socket_chat.py","tags":{"FILE_LINE_OF_CODE":"23"}}
{"ts":1707056892513,"action":"FILE_CLOSED","file":"/Socket_chat.py","tags":{"FILE_LINE_OF_CODE":"23"}}
{"ts":1707056892513,"action":"FILE_OPENED","file":"/main1.py","tags":{"FILE_LINE_OF_CODE":"172"}}
{"ts":1707056914224,"action":"FILE_CLOSED","file":"/main1.py","tags":{"FILE_LINE_OF_CODE":"172"}}
{"ts":1707056914224,"action":"FILE_OPENED","file":"/Socket_chat.py","tags":{"FILE_LINE_OF_CODE":"23"}}
{"ts":1707056958525,"action":"IDE_DEACTIVATED"}
{"ts":1707056959641,"action":"IDE_ACTIVATED"}
{"ts":1707057037625,"action":"IDE_DEACTIVATED"}
{"ts":1707057057295,"action":"IDE_ACTIVATED"}
{"ts":1707057122560,"action":"IDE_DEACTIVATED"}
{"ts":1707057170219,"action":"IDE_ACTIVATED"}
{"ts":1707057190075,"action":"IDE_DEACTIVATED"}
{"ts":1707057230322,"action":"IDE_ACTIVATED"}
{"ts":1707057231731,"action":"FILE_CLOSED","file":"/Socket_chat.py","tags":{"FILE_LINE_OF_CODE":"25"}}
{"ts":1707057231731,"action":"FILE_OPENED","file":"/main1.py","tags":{"FILE_LINE_OF_CODE":"172"}}
{"ts":1707057277524,"action":"IDE_DEACTIVATED"}
{"ts":1707057301223,"action":"IDE_ACTIVATED"}
{"ts":1707057320962,"action":"IDE_DEACTIVATED"}
{"ts":1707057322534,"action":"IDE_ACTIVATED"}
{"ts":1707057324427,"action":"IDE_DEACTIVATED"}
{"ts":1707057325433,"action":"IDE_ACTIVATED"}
{"ts":1707057327920,"action":"IDE_DEACTIVATED"}
{"ts":1707057443085,"action":"IDE_ACTIVATED"}
{"ts":1707057492933,"action":"IDE_DEACTIVATED"}
{"ts":1707057549212,"action":"IDE_ACTIVATED"}
{"ts":1707057553363,"action":"FILE_CLOSED","file":"/main1.py","tags":{"FILE_LINE_OF_CODE":"170"}}
{"ts":1707057553363,"action":"FILE_OPENED","file":"/Socket_chat.py","tags":{"FILE_LINE_OF_CODE":"25"}}
{"ts":1707057561807,"action":"IDE_DEACTIVATED"}
{"ts":1707057572187,"action":"IDE_ACTIVATED"}
{"ts":1707057605242,"action":"IDE_DEACTIVATED"}
{"ts":1707057655299,"action":"IDE_ACTIVATED"}
{"ts":1707057659089,"action":"IDE_DEACTIVATED"}
{"ts":1707057661105,"action":"IDE_ACTIVATED"}
{"ts":1707057684526,"action":"IDE_DEACTIVATED"}
{"ts":1707057718317,"action":"IDE_ACTIVATED"}
{"ts":1707057728134,"action":"IDE_DEACTIVATED"}
{"ts":1707057734200,"action":"IDE_ACTIVATED"}
{"ts":1707057752333,"action":"IDE_DEACTIVATED"}
{"ts":1707057792543,"action":"IDE_ACTIVATED"}
{"ts":1707057847004,"action":"FILE_CLOSED","file":"/Socket_chat.py","tags":{"FILE_LINE_OF_CODE":"15"}}
{"ts":1707057847004,"action":"FILE_OPENED","file":"/main1.py","tags":{"FILE_LINE_OF_CODE":"170"}}
{"ts":1707057850383,"action":"IDE_DEACTIVATED"}
{"ts":1707057949564,"action":"IDE_ACTIVATED"}
{"ts":1707057974240,"action":"IDE_DEACTIVATED"}
{"ts":1707057979001,"action":"IDE_ACTIVATED"}
{"ts":1707058017312,"action":"IDE_DEACTIVATED"}
{"ts":1707058020724,"action":"IDE_ACTIVATED"}
{"ts":1707058029982,"action":"IDE_DEACTIVATED"}
{"ts":1707058043791,"action":"IDE_ACTIVATED"}
{"ts":1707058052475,"action":"IDE_DEACTIVATED"}
{"ts":1707058134371,"action":"IDE_ACTIVATED"}
{"ts":1707058139023,"action":"IDE_DEACTIVATED"}
{"ts":1707058141739,"action":"IDE_ACTIVATED"}
{"ts":1707058161904,"action":"IDE_DEACTIVATED"}
{"ts":1707058169020,"action":"IDE_ACTIVATED"}
{"ts":1707058180781,"action":"IDE_DEACTIVATED"}
{"ts":1707058185853,"action":"IDE_ACTIVATED"}
{"ts":1707058195169,"action":"IDE_DEACTIVATED"}
{"ts":1707058249864,"action":"IDE_ACTIVATED"}
{"ts":1707058258546,"action":"IDE_DEACTIVATED"}
{"ts":1707058262850,"action":"IDE_ACTIVATED"}
{"ts":1707058292189,"action":"IDE_DEACTIVATED"}
{"ts":1707058295749,"action":"IDE_ACTIVATED"}
{"ts":1707058302506,"action":"IDE_DEACTIVATED"}
{"ts":1707058350854,"action":"IDE_ACTIVATED"}
{"ts":1707058364129,"action":"IDE_DEACTIVATED"}
{"ts":1707058366395,"action":"IDE_ACTIVATED"}
{"ts":1707058371298,"action":"IDE_DEACTIVATED"}
{"ts":1707058374553,"action":"IDE_ACTIVATED"}
{"ts":1707058378126,"action":"IDE_DEACTIVATED"}
{"ts":1707058380746,"action":"IDE_ACTIVATED"}
{"ts":1707058382493,"action":"IDE_DEACTIVATED"}
{"ts":1707058384408,"action":"IDE_ACTIVATED"}
{"ts":1707058386656,"action":"IDE_DEACTIVATED"}
{"ts":1707058390784,"action":"IDE_ACTIVATED"}
{"ts":1707058393544,"action":"IDE_DEACTIVATED"}
{"ts":1707058396041,"action":"IDE_ACTIVATED"}
{"ts":1707058447471,"action":"IDE_DEACTIVATED"}
{"ts":1707058448849,"action":"IDE_ACTIVATED"}
{"ts":1707058449611,"action":"IDE_DEACTIVATED"}
{"ts":1707058468259,"action":"IDE_ACTIVATED"}
{"ts":1707058481134,"action":"IDE_DEACTIVATED"}
{"ts":1707058504782,"action":"IDE_ACTIVATED"}
{"ts":1707058506343,"action":"IDE_DEACTIVATED"}
{"ts":1707058578029,"action":"IDE_ACTIVATED"}
{"ts":1707058579560,"action":"FILE_CLOSED","file":"/main1.py","tags":{"FILE_LINE_OF_CODE":"178"}}
{"ts":1707058579560,"action":"FILE_OPENED","file":"/Socket_chat.py","tags":{"FILE_LINE_OF_CODE":"15"}}
{"ts":1707058613989,"action":"IDE_DEACTIVATED"}
{"ts":1707058616020,"action":"IDE_ACTIVATED"}
{"ts":1707058679433,"action":"IDE_DEACTIVATED"}
{"ts":1707058710225,"action":"IDE_ACTIVATED"}
{"ts":1707058712500,"action":"FILE_CLOSED","file":"/Socket_chat.py","tags":{"FILE_LINE_OF_CODE":"13"}}
{"ts":1707058712500,"action":"FILE_OPENED","file":"/main1.py","tags":{"FILE_LINE_OF_CODE":"178"}}
{"ts":1707058715634,"action":"IDE_DEACTIVATED"}
{"ts":1707058761038,"action":"IDE_ACTIVATED"}
{"ts":1707058854297,"action":"IDE_DEACTIVATED"}
{"ts":1707058904931,"action":"IDE_ACTIVATED"}
{"ts":1707058944127,"action":"IDE_DEACTIVATED"}
{"ts":1707058976066,"action":"IDE_ACTIVATED"}
{"ts":1707058977431,"action":"FILE_CLOSED","file":"/main1.py","tags":{"FILE_LINE_OF_CODE":"180"}}
{"ts":1707058977431,"action":"FILE_OPENED","file":"/Socket_chat.py","tags":{"FILE_LINE_OF_CODE":"13"}}
{"ts":1707059004289,"action":"IDE_DEACTIVATED"}
{"ts":1707059022406,"action":"IDE_ACTIVATED"}
{"ts":1707059031938,"action":"IDE_DEACTIVATED"}
{"ts":1707059166742,"action":"IDE_ACTIVATED"}
{"ts":1707059168474,"action":"FILE_CLOSED","file":"/Socket_chat.py","tags":{"FILE_LINE_OF_CODE":"15"}}
{"ts":1707059168474,"action":"FILE_OPENED","file":"/main1.py","tags":{"FILE_LINE_OF_CODE":"180"}}
{"ts":1707059214101,"action":"IDE_DEACTIVATED"}
{"ts":1707059216660,"action":"IDE_ACTIVATED"}
{"ts":1707059221077,"action":"IDE_DEACTIVATED"}
{"ts":1707059314570,"action":"IDE_ACTIVATED"}
{"ts":1707059344673,"action":"IDE_DEACTIVATED"}
{"ts":1707059363239,"action":"IDE_ACTIVATED"}
{"ts":1707059419262,"action":"IDE_DEACTIVATED"}
{"ts":1707059419629,"action":"PROJECT_CLOSED","tags":{"PROJECT_NAME":"Python-Web---HW5"}}
{"ts":1707059466404,"action":"FILE_OPENED","file":"/main1.py","tags":{"FILE_LINE_OF_CODE":"177"}}
{"ts":1707059467009,"action":"PROJECT_OPENED","tags":{"PROJECT_NAME":"Python-Web---HW5"}}
{"ts":1707059485185,"action":"IDE_DEACTIVATED"}
{"ts":1707059486626,"action":"IDE_ACTIVATED"}
{"ts":1707059493829,"action":"IDE_DEACTIVATED"}
{"ts":1707059505912,"action":"IDE_ACTIVATED"}
{"ts":1707059548168,"action":"IDE_DEACTIVATED"}
{"ts":1707059602412,"action":"IDE_ACTIVATED"}
{"ts":1707059706429,"action":"IDE_DEACTIVATED"}
{"ts":1707059712382,"action":"IDE_ACTIVATED"}
{"ts":1707059716858,"action":"FILE_CLOSED","file":"/main1.py","tags":{"FILE_LINE_OF_CODE":"177"}}
{"ts":1707059716858,"action":"FILE_OPENED","file":"/main.py","tags":{"FILE_LINE_OF_CODE":"102"}}
{"ts":1707059988861,"action":"FILE_CLOSED","file":"/main.py","tags":{"FILE_LINE_OF_CODE":"97"}}
{"ts":1707059988861,"action":"FILE_OPENED","file":"/main1.py","tags":{"FILE_LINE_OF_CODE":"177"}}
{"ts":1707059995318,"action":"FILE_CLOSED","file":"/main1.py","tags":{"FILE_LINE_OF_CODE":"0"}}
{"ts":1707059995318,"action":"FILE_OPENED","file":"/Socket_chat.py","tags":{"FILE_LINE_OF_CODE":"15"}}
{"ts":1707060000736,"action":"IDE_DEACTIVATED"}
{"ts":1707060025045,"action":"IDE_ACTIVATED"}
{"ts":1707060026137,"action":"IDE_DEACTIVATED"}
{"ts":1707060138667,"action":"IDE_ACTIVATED"}
{"ts":1707060139629,"action":"IDE_DEACTIVATED"}
{"ts":1707060142374,"action":"IDE_ACTIVATED"}
{"ts":1707060143713,"action":"FILE_CLOSED","file":"/Socket_chat.py","tags":{"FILE_LINE_OF_CODE":"0"}}
{"ts":1707060143713,"action":"FILE_OPENED","file":"/main.py","tags":{"FILE_LINE_OF_CODE":"97"}}
{"ts":1707060146485,"action":"IDE_DEACTIVATED"}
{"ts":1707060723605,"action":"IDE_ACTIVATED"}
{"ts":1707060725707,"action":"FILE_CLOSED","file":"/main.py","tags":{"FILE_LINE_OF_CODE":"97"}}
{"ts":1707060725707,"action":"FILE_OPENED","file":"/main1.py","tags":{"FILE_LINE_OF_CODE":"0"}}
{"ts":1707060833998,"action":"IDE_DEACTIVATED"}
{"ts":1707060879689,"action":"IDE_ACTIVATED"}
{"ts":1707060906384,"action":"IDE_DEACTIVATED"}
{"ts":1707060909055,"action":"IDE_ACTIVATED"}
{"ts":1707060925235,"action":"IDE_DEACTIVATED"}
{"ts":1707060929161,"action":"IDE_ACTIVATED"}
{"ts":1707060958268,"action":"IDE_DEACTIVATED"}
{"ts":1707060983353,"action":"IDE_ACTIVATED"}
{"ts":1707061038922,"action":"IDE_DEACTIVATED"}
{"ts":1707061108434,"action":"IDE_ACTIVATED"}
{"ts":1707061125385,"action":"IDE_DEACTIVATED"}
{"ts":1707061178105,"action":"IDE_ACTIVATED"}
{"ts":1707061218594,"action":"IDE_DEACTIVATED"}
{"ts":1707061258019,"action":"IDE_ACTIVATED"}
{"ts":1707061280563,"action":"IDE_DEACTIVATED"}
{"ts":1707061281858,"action":"IDE_ACTIVATED"}
{"ts":1707061299409,"action":"IDE_DEACTIVATED"}
{"ts":1707061376353,"action":"IDE_ACTIVATED"}
{"ts":1707061418064,"action":"IDE_DEACTIVATED"}
{"ts":1707061451618,"action":"IDE_ACTIVATED"}
{"ts":1707061451806,"action":"FILE_CLOSED","file":"/main1.py","tags":{"FILE_LINE_OF_CODE":"144"}}
{"ts":1707061453599,"action":"FILE_OPENED","file":"/main.py","tags":{"FILE_LINE_OF_CODE":"97"}}
{"ts":1707061455498,"action":"IDE_DEACTIVATED"}
{"ts":1707061470560,"action":"IDE_ACTIVATED"}
{"ts":1707061474361,"action":"FILE_CLOSED","file":"/main.py","tags":{"FILE_LINE_OF_CODE":"97"}}
{"ts":1707061474361,"action":"FILE_OPENED","file":"/main1.py","tags":{"FILE_LINE_OF_CODE":"144"}}
{"ts":1707061529931,"action":"IDE_DEACTIVATED"}
{"ts":1707061689421,"action":"IDE_ACTIVATED"}
{"ts":1707061697100,"action":"IDE_DEACTIVATED"}
{"ts":1707061704877,"action":"IDE_ACTIVATED"}
{"ts":1707061739379,"action":"IDE_DEACTIVATED"}
{"ts":1707061835625,"action":"IDE_ACTIVATED"}
{"ts":1707061835692,"action":"FILE_CLOSED","file":"/main1.py","tags":{"FILE_LINE_OF_CODE":"160"}}
{"ts":1707061835692,"action":"FILE_OPENED","file":"/Socket_chat.py","tags":{"FILE_LINE_OF_CODE":"0"}}
{"ts":1707061874969,"action":"IDE_DEACTIVATED"}
{"ts":1707061909824,"action":"IDE_ACTIVATED"}
{"ts":1707061909895,"action":"FILE_CLOSED","file":"/Socket_chat.py","tags":{"FILE_LINE_OF_CODE":"17"}}
{"ts":1707061909895,"action":"FILE_OPENED","file":"/main1.py","tags":{"FILE_LINE_OF_CODE":"160"}}
{"ts":1707062072718,"action":"IDE_DEACTIVATED"}
{"ts":1707062111695,"action":"IDE_ACTIVATED"}
{"ts":1707062136275,"action":"IDE_DEACTIVATED"}
{"ts":1707062152422,"action":"IDE_ACTIVATED"}
{"ts":1707062194135,"action":"IDE_DEACTIVATED"}
{"ts":1707062195590,"action":"IDE_ACTIVATED"}
{"ts":1707062240975,"action":"IDE_DEACTIVATED"}
{"ts":1707062244843,"action":"IDE_ACTIVATED"}
{"ts":1707062244898,"action":"FILE_CLOSED","file":"/main1.py","tags":{"FILE_LINE_OF_CODE":"171"}}
{"ts":1707062244898,"action":"FILE_OPENED","file":"/Socket_chat.py","tags":{"FILE_LINE_OF_CODE":"17"}}
{"ts":1707062251481,"action":"IDE_DEACTIVATED"}
{"ts":1707062257809,"action":"IDE_ACTIVATED"}
{"ts":1707062264841,"action":"IDE_DEACTIVATED"}
{"ts":1707062409623,"action":"IDE_ACTIVATED"}
{"ts":1707062419867,"action":"IDE_DEACTIVATED"}
{"ts":1707062424202,"action":"IDE_ACTIVATED"}
{"ts":1707062428971,"action":"FILE_CLOSED","file":"/Socket_chat.py","tags":{"FILE_LINE_OF_CODE":"30"}}
{"ts":1707062428971,"action":"FILE_OPENED","file":"/main1.py","tags":{"FILE_LINE_OF_CODE":"171"}}
{"ts":1707062457609,"action":"FILE_CLOSED","file":"/main1.py","tags":{"FILE_LINE_OF_CODE":"171"}}
{"ts":1707062457609,"action":"FILE_OPENED","file":"/Socket_chat.py","tags":{"FILE_LINE_OF_CODE":"30"}}
{"ts":1707062516237,"action":"IDE_DEACTIVATED"}
{"ts":1707062538977,"action":"IDE_ACTIVATED"}
{"ts":1707062540161,"action":"FILE_CLOSED","file":"/Socket_chat.py","tags":{"FILE_LINE_OF_CODE":"30"}}
{"ts":1707062540161,"action":"FILE_OPENED","file":"/main1.py","tags":{"FILE_LINE_OF_CODE":"171"}}
{"ts":1707062544391,"action":"IDE_DEACTIVATED"}
{"ts":1707062557397,"action":"IDE_ACTIVATED"}
{"ts":1707062558652,"action":"FILE_CLOSED","file":"/main1.py","tags":{"FILE_LINE_OF_CODE":"171"}}
{"ts":1707062558652,"action":"FILE_OPENED","file":"/Socket_chat.py","tags":{"FILE_LINE_OF_CODE":"30"}}
{"ts":1707062561771,"action":"IDE_DEACTIVATED"}
{"ts":1707062577560,"action":"IDE_ACTIVATED"}
{"ts":1707062577994,"action":"IDE_DEACTIVATED"}
{"ts":1707062597964,"action":"IDE_ACTIVATED"}
{"ts":1707062599595,"action":"IDE_DEACTIVATED"}
{"ts":1707062660147,"action":"IDE_ACTIVATED"}
{"ts":1707062662115,"action":"FILE_CLOSED","file":"/Socket_chat.py","tags":{"FILE_LINE_OF_CODE":"30"}}
{"ts":1707062662115,"action":"FILE_OPENED","file":"/main1.py","tags":{"FILE_LINE_OF_CODE":"171"}}
{"ts":1707062684547,"action":"IDE_DEACTIVATED"}
{"ts":1707062780808,"action":"IDE_ACTIVATED"}
{"ts":1707062782163,"action":"FILE_CLOSED","file":"/main1.py","tags":{"FILE_LINE_OF_CODE":"185"}}
{"ts":1707062782163,"action":"FILE_OPENED","file":"/Socket_chat.py","tags":{"FILE_LINE_OF_CODE":"30"}}
{"ts":1707062788968,"action":"FILE_CLOSED","file":"/Socket_chat.py","tags":{"FILE_LINE_OF_CODE":"32"}}
{"ts":1707062788968,"action":"FILE_OPENED","file":"/main1.py","tags":{"FILE_LINE_OF_CODE":"185"}}
{"ts":1707062790716,"action":"IDE_DEACTIVATED"}
{"ts":1707062795057,"action":"IDE_ACTIVATED"}
{"ts":1707062828270,"action":"IDE_DEACTIVATED"}
{"ts":1707062829762,"action":"IDE_ACTIVATED"}
{"ts":1707062849714,"action":"FILE_CLOSED","file":"/main1.py","tags":{"FILE_LINE_OF_CODE":"164"}}
{"ts":1707062849714,"action":"FILE_OPENED","file":"/Socket_chat.py","tags":{"FILE_LINE_OF_CODE":"32"}}
{"ts":1707062869471,"action":"IDE_DEACTIVATED"}
{"ts":1707062895865,"action":"IDE_ACTIVATED"}
{"ts":1707062919787,"action":"IDE_DEACTIVATED"}
{"ts":1707062946424,"action":"IDE_ACTIVATED"}
{"ts":1707062951936,"action":"FILE_CLOSED","file":"/Socket_chat.py","tags":{"FILE_LINE_OF_CODE":"32"}}
{"ts":1707062951936,"action":"FILE_OPENED","file":"/main1.py","tags":{"FILE_LINE_OF_CODE":"164"}}
{"ts":1707063006244,"action":"FILE_CLOSED","file":"/main1.py","tags":{"FILE_LINE_OF_CODE":"164"}}
{"ts":1707063006244,"action":"FILE_OPENED","file":"/Socket_chat.py","tags":{"FILE_LINE_OF_CODE":"32"}}
{"ts":1707063021268,"action":"FILE_CLOSED","file":"/Socket_chat.py","tags":{"FILE_LINE_OF_CODE":"32"}}
{"ts":1707063021268,"action":"FILE_OPENED","file":"/main1.py","tags":{"FILE_LINE_OF_CODE":"164"}}
{"ts":1707063046274,"action":"IDE_DEACTIVATED"}
{"ts":1707063078158,"action":"IDE_ACTIVATED"}
{"ts":1707063084402,"action":"IDE_DEACTIVATED"}
{"ts":1707063190185,"action":"IDE_ACTIVATED"}
{"ts":1707063192343,"action":"IDE_DEACTIVATED"}
{"ts":1707063206819,"action":"IDE_ACTIVATED"}
{"ts":1707063208414,"action":"IDE_DEACTIVATED"}
{"ts":1707063291082,"action":"IDE_ACTIVATED"}
{"ts":1707063354635,"action":"IDE_DEACTIVATED"}
{"ts":1707063356275,"action":"IDE_ACTIVATED"}
{"ts":1707063378087,"action":"IDE_DEACTIVATED"}
{"ts":1707063393521,"action":"IDE_ACTIVATED"}
{"ts":1707063415762,"action":"IDE_DEACTIVATED"}
{"ts":1707063539966,"action":"IDE_ACTIVATED"}
{"ts":1707063544561,"action":"IDE_DEACTIVATED"}
{"ts":1707063568413,"action":"IDE_ACTIVATED"}
{"ts":1707063568978,"action":"IDE_DEACTIVATED"}
{"ts":1707063612671,"action":"IDE_ACTIVATED"}
{"ts":1707063633832,"action":"IDE_DEACTIVATED"}
{"ts":1707063637316,"action":"IDE_ACTIVATED"}
{"ts":1707063638341,"action":"FILE_CLOSED","file":"/main1.py","tags":{"FILE_LINE_OF_CODE":"160"}}
{"ts":1707063638341,"action":"FILE_OPENED","file":"/Socket_chat.py","tags":{"FILE_LINE_OF_CODE":"32"}}
{"ts":1707063641432,"action":"IDE_DEACTIVATED"}
{"ts":1707063656503,"action":"IDE_ACTIVATED"}
{"ts":1707063660169,"action":"IDE_DEACTIVATED"}
{"ts":1707063728219,"action":"IDE_ACTIVATED"}
{"ts":1707063730385,"action":"FILE_CLOSED","file":"/Socket_chat.py","tags":{"FILE_LINE_OF_CODE":"32"}}
{"ts":1707063730385,"action":"FILE_OPENED","file":"/main1.py","tags":{"FILE_LINE_OF_CODE":"160"}}
{"ts":1707063806287,"action":"IDE_DEACTIVATED"}
{"ts":1707063870313,"action":"IDE_ACTIVATED"}
{"ts":1707063896390,"action":"IDE_DEACTIVATED"}
{"ts":1707063901126,"action":"IDE_ACTIVATED"}
{"ts":1707063909531,"action":"FILE_CLOSED","file":"/main1.py","tags":{"FILE_LINE_OF_CODE":"164"}}
{"ts":1707063909531,"action":"FILE_OPENED","file":"/Socket_chat.py","tags":{"FILE_LINE_OF_CODE":"32"}}
{"ts":1707063938918,"action":"IDE_DEACTIVATED"}
{"ts":1707063941053,"action":"IDE_ACTIVATED"}
{"ts":1707063952441,"action":"IDE_DEACTIVATED"}
{"ts":1707063955661,"action":"IDE_ACTIVATED"}
{"ts":1707063966171,"action":"FILE_CLOSED","file":"/Socket_chat.py","tags":{"FILE_LINE_OF_CODE":"32"}}
{"ts":1707063966171,"action":"FILE_OPENED","file":"/main1.py","tags":{"FILE_LINE_OF_CODE":"164"}}
{"ts":1707064040350,"action":"IDE_DEACTIVATED"}
{"ts":1707064096210,"action":"IDE_ACTIVATED"}
{"ts":1707064098077,"action":"FILE_CLOSED","file":"/main1.py","tags":{"FILE_LINE_OF_CODE":"180"}}
{"ts":1707064098080,"action":"FILE_OPENED","file":"/main.py","tags":{"FILE_LINE_OF_CODE":"97"}}
{"ts":1707064100983,"action":"IDE_DEACTIVATED"}
{"ts":1707064118685,"action":"IDE_ACTIVATED"}
{"ts":1707064122962,"action":"FILE_CLOSED","file":"/main.py","tags":{"FILE_LINE_OF_CODE":"97"}}
{"ts":1707064122962,"action":"FILE_OPENED","file":"/main1.py","tags":{"FILE_LINE_OF_CODE":"144"}}
{"ts":1707064185520,"action":"IDE_DEACTIVATED"}
{"ts":1707064278586,"action":"IDE_ACTIVATED"}
{"ts":1707064281846,"action":"IDE_DEACTIVATED"}
{"ts":1707064343842,"action":"IDE_ACTIVATED"}
{"ts":1707064361508,"action":"IDE_DEACTIVATED"}
{"ts":1707064944675,"action":"IDE_ACTIVATED"}
{"ts":1707064982352,"action":"IDE_DEACTIVATED"}
{"ts":1707065110522,"action":"IDE_ACTIVATED"}
{"ts":1707065177963,"action":"IDE_DEACTIVATED"}
{"ts":1707065195093,"action":"IDE_ACTIVATED"}
{"ts":1707065203890,"action":"IDE_DEACTIVATED"}
{"ts":1707065226902,"action":"IDE_ACTIVATED"}
{"ts":1707065237457,"action":"IDE_DEACTIVATED"}
{"ts":1707065257174,"action":"IDE_ACTIVATED"}
{"ts":1707065263381,"action":"IDE_DEACTIVATED"}
{"ts":1707065303775,"action":"IDE_ACTIVATED"}
{"ts":1707065338469,"action":"IDE_DEACTIVATED"}
{"ts":1707065365832,"action":"IDE_ACTIVATED"}
{"ts":1707065379077,"action":"FILE_CLOSED","file":"/main1.py","tags":{"FILE_LINE_OF_CODE":"141"}}
{"ts":1707065379077,"action":"FILE_OPENED","file":"/exchange_rates.json","tags":{"FILE_LINE_OF_CODE":"4"}}
{"ts":1707065382747,"action":"FILE_CLOSED","file":"/exchange_rates.json","tags":{"FILE_LINE_OF_CODE":"4"}}
{"ts":1707065382748,"action":"FILE_OPENED","file":"/exchange_log.txt","tags":{"FILE_LINE_OF_CODE":"56"}}
{"ts":1707065387031,"action":"FILE_CLOSED","file":"/exchange_log.txt","tags":{"FILE_LINE_OF_CODE":"56"}}
{"ts":1707065387031,"action":"FILE_OPENED","file":"/chat_log.txt","tags":{"FILE_LINE_OF_CODE":"3"}}
{"ts":1707065397908,"action":"IDE_DEACTIVATED"}
{"ts":1707065450088,"action":"IDE_ACTIVATED"}
{"ts":1707065467278,"action":"FILE_CLOSED","file":"/chat_log.txt","tags":{"FILE_LINE_OF_CODE":"3"}}
{"ts":1707065467282,"action":"FILE_OPENED","file":"/exchange_log.txt","tags":{"FILE_LINE_OF_CODE":"56"}}
{"ts":1707065468275,"action":"FILE_CLOSED","file":"/exchange_log.txt","tags":{"FILE_LINE_OF_CODE":"56"}}
{"ts":1707065468278,"action":"FILE_OPENED","file":"/exchange_rates.json","tags":{"FILE_LINE_OF_CODE":"4"}}
{"ts":1707065485127,"action":"FILE_CLOSED","file":"/exchange_rates.json","tags":{"FILE_LINE_OF_CODE":"4"}}
{"ts":1707065485131,"action":"FILE_OPENED","file":"/main1.py","tags":{"FILE_LINE_OF_CODE":"141"}}
{"ts":1707065494242,"action":"IDE_DEACTIVATED"}
{"ts":1707065508873,"action":"IDE_ACTIVATED"}
{"ts":1707065533205,"action":"IDE_DEACTIVATED"}
{"ts":1707065564228,"action":"IDE_ACTIVATED"}
{"ts":1707065605469,"action":"IDE_DEACTIVATED"}
{"ts":1707065606590,"action":"IDE_ACTIVATED"}
{"ts":1707065612501,"action":"IDE_DEACTIVATED"}
{"ts":1707065636037,"action":"IDE_ACTIVATED"}
{"ts":1707065658494,"action":"IDE_DEACTIVATED"}
{"ts":1707065665561,"action":"IDE_ACTIVATED"}
{"ts":1707065669287,"action":"FILE_CLOSED","file":"/main1.py","tags":{"FILE_LINE_OF_CODE":"144"}}
{"ts":1707065673027,"action":"IDE_DEACTIVATED"}
{"ts":1707065688912,"action":"IDE_ACTIVATED"}
{"ts":1707065692746,"action":"FILE_OPENED","file":"/main.py","tags":{"FILE_LINE_OF_CODE":"97"}}
{"ts":1707065692746,"action":"FILE_CLOSED","file":"/main.py","tags":{"FILE_LINE_OF_CODE":"97"}}
{"ts":1707065692746,"action":"FILE_OPENED","file":"/main1.py","tags":{"FILE_LINE_OF_CODE":"144"}}
{"ts":1707065706027,"action":"IDE_DEACTIVATED"}
{"ts":1707065708677,"action":"IDE_ACTIVATED"}
{"ts":1707065710517,"action":"IDE_DEACTIVATED"}
{"ts":1707065739023,"action":"IDE_ACTIVATED"}
{"ts":1707065740666,"action":"IDE_DEACTIVATED"}
{"ts":1707065867461,"action":"IDE_ACTIVATED"}
{"ts":1707065907198,"action":"IDE_DEACTIVATED"}
{"ts":1707065916975,"action":"IDE_ACTIVATED"}
{"ts":1707065919543,"action":"IDE_DEACTIVATED"}
{"ts":1707065930207,"action":"IDE_ACTIVATED"}
{"ts":1707065930964,"action":"IDE_DEACTIVATED"}
{"ts":1707065941953,"action":"IDE_ACTIVATED"}
{"ts":1707065943129,"action":"IDE_DEACTIVATED"}
{"ts":1707066048479,"action":"IDE_ACTIVATED"}
{"ts":1707066057558,"action":"IDE_DEACTIVATED"}
{"ts":1707066060455,"action":"IDE_ACTIVATED"}
{"ts":1707066084325,"action":"IDE_DEACTIVATED"}
{"ts":1707066123484,"action":"IDE_ACTIVATED"}
{"ts":1707066124791,"action":"IDE_DEACTIVATED"}
{"ts":1707066282429,"action":"IDE_ACTIVATED"}
{"ts":1707066301476,"action":"IDE_DEACTIVATED"}
{"ts":1707066364594,"action":"IDE_ACTIVATED"}
{"ts":1707066365717,"action":"IDE_DEACTIVATED"}
{"ts":1707066379591,"action":"IDE_ACTIVATED"}
{"ts":1707066380621,"action":"IDE_DEACTIVATED"}
{"ts":1707066394363,"action":"IDE_ACTIVATED"}
{"ts":1707066395744,"action":"IDE_DEACTIVATED"}
{"ts":1707066409679,"action":"IDE_ACTIVATED"}
{"ts":1707066411072,"action":"IDE_DEACTIVATED"}
{"ts":1707066426751,"action":"IDE_ACTIVATED"}
{"ts":1707066428787,"action":"IDE_DEACTIVATED"}
{"ts":1707066502780,"action":"IDE_ACTIVATED"}
{"ts":1707066527805,"action":"IDE_DEACTIVATED"}
{"ts":1707066557574,"action":"IDE_ACTIVATED"}
{"ts":1707066558807,"action":"IDE_DEACTIVATED"}
{"ts":1707066607580,"action":"IDE_ACTIVATED"}
{"ts":1707066613514,"action":"IDE_DEACTIVATED"}
{"ts":1707066664284,"action":"IDE_ACTIVATED"}
{"ts":1707066666576,"action":"IDE_DEACTIVATED"}
{"ts":1707066676906,"action":"IDE_ACTIVATED"}
{"ts":1707066678134,"action":"IDE_DEACTIVATED"}
{"ts":1707066705603,"action":"IDE_ACTIVATED"}
{"ts":1707066793339,"action":"IDE_DEACTIVATED"}
{"ts":1707066798047,"action":"IDE_ACTIVATED"}
{"ts":1707066801540,"action":"IDE_DEACTIVATED"}
{"ts":1707066932367,"action":"IDE_ACTIVATED"}
{"ts":1707066960233,"action":"IDE_DEACTIVATED"}
{"ts":1707067032308,"action":"IDE_ACTIVATED"}
{"ts":1707067060863,"action":"IDE_DEACTIVATED"}
{"ts":1707067118797,"action":"IDE_ACTIVATED"}
{"ts":1707067159742,"action":"IDE_DEACTIVATED"}
{"ts":1707067243524,"action":"IDE_ACTIVATED"}
{"ts":1707067262848,"action":"IDE_DEACTIVATED"}
{"ts":1707067265378,"action":"IDE_ACTIVATED"}
{"ts":1707067266449,"action":"IDE_DEACTIVATED"}
{"ts":1707067273809,"action":"IDE_ACTIVATED"}
{"ts":1707067283137,"action":"IDE_DEACTIVATED"}
{"ts":1707067372635,"action":"IDE_ACTIVATED"}
{"ts":1707067468850,"action":"IDE_DEACTIVATED"}
{"ts":1707067515608,"action":"IDE_ACTIVATED"}
{"ts":1707067528718,"action":"IDE_DEACTIVATED"}
{"ts":1707067531328,"action":"IDE_ACTIVATED"}
{"ts":1707067565455,"action":"IDE_DEACTIVATED"}
{"ts":1707067595164,"action":"IDE_ACTIVATED"}
{"ts":1707067605633,"action":"FILE_CLOSED","file":"/main1.py","tags":{"FILE_LINE_OF_CODE":"0"}}
{"ts":1707067605637,"action":"FILE_OPENED","file":"/main.py","tags":{"FILE_LINE_OF_CODE":"97"}}
{"ts":1707067615088,"action":"FILE_CLOSED","file":"/main.py","tags":{"FILE_LINE_OF_CODE":"97"}}
{"ts":1707067615088,"action":"FILE_OPENED","file":"/main1.py","tags":{"FILE_LINE_OF_CODE":"0"}}
{"ts":1707067616495,"action":"FILE_CLOSED","file":"/main1.py","tags":{"FILE_LINE_OF_CODE":"0"}}
{"ts":1707067616495,"action":"FILE_OPENED","file":"/main.py","tags":{"FILE_LINE_OF_CODE":"97"}}
{"ts":1707067624887,"action":"IDE_DEACTIVATED"}
{"ts":1707067659751,"action":"IDE_ACTIVATED"}
{"ts":1707067660807,"action":"IDE_DEACTIVATED"}
{"ts":1707067693089,"action":"IDE_ACTIVATED"}
{"ts":1707067709283,"action":"FILE_CLOSED","file":"/main.py","tags":{"FILE_LINE_OF_CODE":"97"}}
{"ts":1707067709283,"action":"FILE_OPENED","file":"/main1.py","tags":{"FILE_LINE_OF_CODE":"0"}}
{"ts":1707067744225,"action":"IDE_DEACTIVATED"}
{"ts":1707067798256,"action":"IDE_ACTIVATED"}
{"ts":1707067798939,"action":"IDE_DEACTIVATED"}
{"ts":1707067827359,"action":"IDE_ACTIVATED"}
{"ts":1707067853180,"action":"IDE_DEACTIVATED"}
{"ts":1707067888913,"action":"IDE_ACTIVATED"}
{"ts":1707067891817,"action":"IDE_DEACTIVATED"}
{"ts":1707068032272,"action":"IDE_ACTIVATED"}
{"ts":1707068054694,"action":"IDE_DEACTIVATED"}
{"ts":1707068145904,"action":"IDE_ACTIVATED"}
{"ts":1707068160979,"action":"IDE_DEACTIVATED"}
{"ts":1707068184318,"action":"IDE_ACTIVATED"}
{"ts":1707068185976,"action":"IDE_DEACTIVATED"}
{"ts":1707068233630,"action":"IDE_ACTIVATED"}
{"ts":1707068265452,"action":"FILE_CLOSED","file":"/main1.py","tags":{"FILE_LINE_OF_CODE":"103"}}
{"ts":1707068265452,"action":"FILE_OPENED","file":"/socket_server.py","tags":{"FILE_LINE_OF_CODE":"0"}}
{"ts":1707068287484,"action":"IDE_DEACTIVATED"}
{"ts":1707068299853,"action":"IDE_ACTIVATED"}
{"ts":1707068300797,"action":"IDE_DEACTIVATED"}
{"ts":1707068303929,"action":"IDE_ACTIVATED"}
{"ts":1707068455754,"action":"IDE_DEACTIVATED"}
{"ts":1707068527662,"action":"IDE_ACTIVATED"}
{"ts":1707068552846,"action":"FILE_CLOSED","file":"/socket_server.py","tags":{"FILE_LINE_OF_CODE":"63"}}
{"ts":1707068552846,"action":"FILE_OPENED","file":"/main1.py","tags":{"FILE_LINE_OF_CODE":"103"}}
{"ts":1707068581859,"action":"FILE_CLOSED","file":"/main1.py","tags":{"FILE_LINE_OF_CODE":"103"}}
{"ts":1707068581859,"action":"FILE_OPENED","file":"/socket_server.py","tags":{"FILE_LINE_OF_CODE":"63"}}
{"ts":1707068590147,"action":"FILE_CLOSED","file":"/socket_server.py","tags":{"FILE_LINE_OF_CODE":"63"}}
{"ts":1707068590147,"action":"FILE_OPENED","file":"/main1.py","tags":{"FILE_LINE_OF_CODE":"103"}}
{"ts":1707068649269,"action":"IDE_DEACTIVATED"}
{"ts":1707068703658,"action":"IDE_ACTIVATED"}
{"ts":1707068733473,"action":"IDE_DEACTIVATED"}
{"ts":1707068852573,"action":"IDE_ACTIVATED"}
{"ts":1707068869687,"action":"IDE_DEACTIVATED"}
{"ts":1707068952456,"action":"IDE_ACTIVATED"}
{"ts":1707068954916,"action":"FILE_CLOSED","file":"/main1.py","tags":{"FILE_LINE_OF_CODE":"97"}}
{"ts":1707068954916,"action":"FILE_OPENED","file":"/socket_server.py","tags":{"FILE_LINE_OF_CODE":"63"}}
{"ts":1707069034260,"action":"FILE_CLOSED","file":"/socket_server.py","tags":{"FILE_LINE_OF_CODE":"48"}}
{"ts":1707069036925,"action":"FILE_OPENED","file":"/socket_server.py","tags":{"FILE_LINE_OF_CODE":"48"}}
{"ts":1707069043433,"action":"FILE_CLOSED","file":"/socket_server.py","tags":{"FILE_LINE_OF_CODE":"48"}}
{"ts":1707069043433,"action":"FILE_OPENED","file":"/Socket_chat.py","tags":{"FILE_LINE_OF_CODE":"32"}}
{"ts":1707069045162,"action":"FILE_CLOSED","file":"/Socket_chat.py","tags":{"FILE_LINE_OF_CODE":"32"}}
{"ts":1707069045162,"action":"FILE_OPENED","file":"/socket_server.py","tags":{"FILE_LINE_OF_CODE":"48"}}
{"ts":1707069102171,"action":"FILE_CLOSED","file":"/socket_server.py","tags":{"FILE_LINE_OF_CODE":"48"}}
{"ts":1707069102171,"action":"FILE_OPENED","file":"/Socket_chat.py","tags":{"FILE_LINE_OF_CODE":"32"}}
{"ts":1707069102817,"action":"FILE_CLOSED","file":"/Socket_chat.py","tags":{"FILE_LINE_OF_CODE":"32"}}
{"ts":1707069102818,"action":"FILE_OPENED","file":"/socket_server.py","tags":{"FILE_LINE_OF_CODE":"48"}}
{"ts":1707069105599,"action":"FILE_CLOSED","file":"/socket_server.py","tags":{"FILE_LINE_OF_CODE":"48"}}
{"ts":1707069105599,"action":"FILE_OPENED","file":"/Socket_chat.py","tags":{"FILE_LINE_OF_CODE":"32"}}
{"ts":1707069114019,"action":"FILE_CLOSED","file":"/Socket_chat.py","tags":{"FILE_LINE_OF_CODE":"32"}}
{"ts":1707069114019,"action":"FILE_OPENED","file":"/main1.py","tags":{"FILE_LINE_OF_CODE":"97"}}
{"ts":1707069119035,"action":"IDE_DEACTIVATED"}
{"ts":1707069130466,"action":"IDE_ACTIVATED"}
{"ts":1707069185059,"action":"FILE_CLOSED","file":"/main1.py","tags":{"FILE_LINE_OF_CODE":"94"}}
{"ts":1707069185059,"action":"FILE_OPENED","file":"/socket_server.py","tags":{"FILE_LINE_OF_CODE":"48"}}
{"ts":1707069191123,"action":"FILE_CLOSED","file":"/socket_server.py","tags":{"FILE_LINE_OF_CODE":"48"}}
{"ts":1707069191123,"action":"FILE_OPENED","file":"/Socket_chat.py","tags":{"FILE_LINE_OF_CODE":"32"}}
{"ts":1707069195213,"action":"FILE_CLOSED","file":"/Socket_chat.py","tags":{"FILE_LINE_OF_CODE":"32"}}
{"ts":1707069195213,"action":"FILE_OPENED","file":"/socket_server.py","tags":{"FILE_LINE_OF_CODE":"48"}}
{"ts":1707069247920,"action":"IDE_DEACTIVATED"}
{"ts":1707069407502,"action":"IDE_ACTIVATED"}
{"ts":1707069419265,"action":"FILE_CLOSED","file":"/socket_server.py","tags":{"FILE_LINE_OF_CODE":"48"}}
{"ts":1707069419265,"action":"FILE_OPENED","file":"/main1.py","tags":{"FILE_LINE_OF_CODE":"94"}}
{"ts":1707069571238,"action":"IDE_DEACTIVATED"}
{"ts":1707069625003,"action":"IDE_ACTIVATED"}
{"ts":1707069639175,"action":"IDE_DEACTIVATED"}
{"ts":1707069675300,"action":"IDE_ACTIVATED"}
{"ts":1707069716929,"action":"IDE_DEACTIVATED"}
{"ts":1707069721888,"action":"IDE_ACTIVATED"}
{"ts":1707069763516,"action":"FILE_CLOSED","file":"/main1.py","tags":{"FILE_LINE_OF_CODE":"142"}}
{"ts":1707069763516,"action":"FILE_OPENED","file":"/socket_server.py","tags":{"FILE_LINE_OF_CODE":"48"}}
{"ts":1707069777049,"action":"FILE_CLOSED","file":"/socket_server.py","tags":{"FILE_LINE_OF_CODE":"48"}}
{"ts":1707069777049,"action":"FILE_OPENED","file":"/Socket_chat.py","tags":{"FILE_LINE_OF_CODE":"32"}}
{"ts":1707069791741,"action":"FILE_CLOSED","file":"/Socket_chat.py","tags":{"FILE_LINE_OF_CODE":"32"}}
{"ts":1707069791741,"action":"FILE_OPENED","file":"/socket_server.py","tags":{"FILE_LINE_OF_CODE":"48"}}
{"ts":1707069799293,"action":"FILE_CLOSED","file":"/socket_server.py","tags":{"FILE_LINE_OF_CODE":"48"}}
{"ts":1707069799293,"action":"FILE_OPENED","file":"/main1.py","tags":{"FILE_LINE_OF_CODE":"142"}}
{"ts":1707069821837,"action":"FILE_CLOSED","file":"/main1.py","tags":{"FILE_LINE_OF_CODE":"142"}}
{"ts":1707069821837,"action":"FILE_OPENED","file":"/socket_server.py","tags":{"FILE_LINE_OF_CODE":"48"}}
{"ts":1707069833411,"action":"FILE_CLOSED","file":"/socket_server.py","tags":{"FILE_LINE_OF_CODE":"48"}}
{"ts":1707069833411,"action":"FILE_OPENED","file":"/Socket_chat.py","tags":{"FILE_LINE_OF_CODE":"32"}}
{"ts":1707069909407,"action":"IDE_DEACTIVATED"}
{"ts":1707069937002,"action":"IDE_ACTIVATED"}
{"ts":1707069944705,"action":"FILE_CLOSED","file":"/Socket_chat.py","tags":{"FILE_LINE_OF_CODE":"32"}}
{"ts":1707069944705,"action":"FILE_OPENED","file":"/socket_server.py","tags":{"FILE_LINE_OF_CODE":"48"}}
{"ts":1707069950461,"action":"FILE_CLOSED","file":"/socket_server.py","tags":{"FILE_LINE_OF_CODE":"48"}}
{"ts":1707069950461,"action":"FILE_OPENED","file":"/main1.py","tags":{"FILE_LINE_OF_CODE":"142"}}
{"ts":1707069959563,"action":"IDE_DEACTIVATED"}
{"ts":1707069960931,"action":"IDE_ACTIVATED"}
{"ts":1707070105810,"action":"IDE_DEACTIVATED"}
{"ts":1707070136391,"action":"IDE_ACTIVATED"}
{"ts":1707070136602,"action":"IDE_DEACTIVATED"}
{"ts":1707070136952,"action":"PROJECT_CLOSED","tags":{"PROJECT_NAME":"Python-Web---HW5"}}
{"ts":1707125445081,"action":"FILE_OPENED","file":"/main1.py","tags":{"FILE_LINE_OF_CODE":"142"}}
{"ts":1707125447613,"action":"PROJECT_OPENED","tags":{"PROJECT_NAME":"Python-Web---HW5"}}
{"ts":1707125449539,"action":"FILE_CLOSED","file":"/main1.py","tags":{"FILE_LINE_OF_CODE":"142"}}
{"ts":1707125449539,"action":"FILE_OPENED","file":"/main.py","tags":{"FILE_LINE_OF_CODE":"97"}}
{"ts":1707125522464,"action":"FILE_CLOSED","file":"/main.py","tags":{"FILE_LINE_OF_CODE":"97"}}
{"ts":1707125522464,"action":"FILE_OPENED","file":"/main1.py","tags":{"FILE_LINE_OF_CODE":"142"}}
{"ts":1707125552839,"action":"FILE_CLOSED","file":"/main1.py","tags":{"FILE_LINE_OF_CODE":"142"}}
{"ts":1707125552844,"action":"FILE_OPENED","file":"/main.py","tags":{"FILE_LINE_OF_CODE":"97"}}
{"ts":1707125561358,"action":"IDE_DEACTIVATED"}
{"ts":1707125612286,"action":"IDE_ACTIVATED"}
{"ts":1707125667966,"action":"IDE_DEACTIVATED"}
{"ts":1707125887055,"action":"IDE_ACTIVATED"}
{"ts":1707125888057,"action":"IDE_DEACTIVATED"}
{"ts":1707125889433,"action":"IDE_ACTIVATED"}
